<?xml version="1.0" encoding="UTF-8"?><testsuite errors="0" failures="1" name="serenity.Basictest" skipped="0" tests="1" time="10.42" timestamp="2019-12-27 11:28:31"><testcase classname="serenity.Basictest" name="Shouldstartup"><failure type="java.lang.AssertionError"/><system-err>null&#13;
serenity.Basictest.shouldstartup(Basictest.java:22)&#13;
org.eclipse.jdt.internal.junit4.runner.JUnit4TestReference.run(JUnit4TestReference.java:89)&#13;
org.eclipse.jdt.internal.junit.runner.TestExecution.run(TestExecution.java:41)&#13;
org.eclipse.jdt.internal.junit.runner.RemoteTestRunner.runTests(RemoteTestRunner.java:541)&#13;
org.eclipse.jdt.internal.junit.runner.RemoteTestRunner.runTests(RemoteTestRunner.java:763)&#13;
org.eclipse.jdt.internal.junit.runner.RemoteTestRunner.run(RemoteTestRunner.java:463)&#13;
org.eclipse.jdt.internal.junit.runner.RemoteTestRunner.main(RemoteTestRunner.java:209)&#13;
</system-err></testcase></testsuite>