<?xml version="1.0" encoding="UTF-8"?><testsuite errors="1" failures="0" name="serenity.Basictest" skipped="0" tests="1" time="0.05" timestamp="2019-12-28 01:30:29"><testcase classname="serenity.Basictest" name="Login"><error type="java.lang.NullPointerException"/><system-err>null&#13;
pageobject.LoginPage.open(LoginPage.java:16)&#13;
serenity.Basictest.login(Basictest.java:17)&#13;
org.eclipse.jdt.internal.junit4.runner.JUnit4TestReference.run(JUnit4TestReference.java:89)&#13;
org.eclipse.jdt.internal.junit.runner.TestExecution.run(TestExecution.java:41)&#13;
org.eclipse.jdt.internal.junit.runner.RemoteTestRunner.runTests(RemoteTestRunner.java:541)&#13;
org.eclipse.jdt.internal.junit.runner.RemoteTestRunner.runTests(RemoteTestRunner.java:763)&#13;
org.eclipse.jdt.internal.junit.runner.RemoteTestRunner.run(RemoteTestRunner.java:463)&#13;
org.eclipse.jdt.internal.junit.runner.RemoteTestRunner.main(RemoteTestRunner.java:209)&#13;
</system-err></testcase></testsuite>